<?xml version="1.0" encoding="UTF-8"?>
<!-- Generated by org.testng.reporters.JUnitReportReporter -->
<testsuite hostname="DESKTOP-OEMN2F6" failures="0" tests="2" name="testngpack.ActiTimeLogin" time="9.473" errors="0" timestamp="2023-01-04T08:32:16 IST" skipped="0">
  <testcase classname="testngpack.ActiTimeLogin" name="loginToActiTime" time="3.074"/>
  <system-out/>
  <testcase classname="testngpack.ActiTimeLogin" name="loginToActiTime" time="6.399"/>
  <system-out/>
</testsuite> <!-- testngpack.ActiTimeLogin -->
