<?xml version="1.0" encoding="UTF-8"?>
<!-- Generated by org.testng.reporters.JUnitReportReporter -->
<testsuite hostname="DESKTOP-OEMN2F6" failures="0" tests="1" name="testNGpack.ThirdClass" time="0.005" errors="0" timestamp="2022-11-12T22:19:50 IST" skipped="0">
  <testcase classname="testNGpack.ThirdClass" name="sumo" time="0.005"/>
  <system-out/>
</testsuite> <!-- testNGpack.ThirdClass -->
