<?xml version="1.0" encoding="UTF-8"?>
<!-- Generated by org.testng.reporters.JUnitReportReporter -->
<testsuite hostname="DESKTOP-OEMN2F6" failures="0" tests="2" name="testNgFlags.Flag1Description" time="0.016" errors="0" timestamp="2022-11-12T22:26:22 IST" skipped="0">
  <testcase classname="testNgFlags.Flag1Description" name="loginActiTime" time="0.002"/>
  <system-out>
    <![CDATA[Logging in....]]>
  </system-out>
  <testcase classname="testNgFlags.Flag1Description" name="logOutActiTime" time="0.014"/>
  <system-out>
    <![CDATA[Logging Out....]]>
  </system-out>
</testsuite> <!-- testNgFlags.Flag1Description -->
