<?xml version="1.0" encoding="UTF-8"?>
<!-- Generated by org.testng.reporters.JUnitReportReporter -->
<testsuite hostname="DESKTOP-OEMN2F6" failures="0" tests="2" name="testngParallelExecution.MethodsParallely" time="0.022" errors="0" timestamp="2022-11-16T20:24:10 IST" skipped="0">
  <testcase classname="testngParallelExecution.MethodsParallely" name="method2" time="0.003"/>
  <system-out>
    <![CDATA[hi i am method 2 : my thread number is  : 1]]>
  </system-out>
  <testcase classname="testngParallelExecution.MethodsParallely" name="method1" time="0.019"/>
  <system-out>
    <![CDATA[hi i am method 1 : my thread number is  : 1]]>
  </system-out>
</testsuite> <!-- testngParallelExecution.MethodsParallely -->
