<?xml version="1.0" encoding="UTF-8"?>
<!-- Generated by org.testng.reporters.JUnitReportReporter -->
<testsuite hostname="DESKTOP-OEMN2F6" failures="0" tests="2" name="testngpack.ActiTimeLogin" time="8.482" errors="0" timestamp="2022-11-16T20:27:55 IST" skipped="0">
  <testcase classname="testngpack.ActiTimeLogin" name="loginToActiTime" time="5.270"/>
  <system-out/>
  <testcase classname="testngpack.ActiTimeLogin" name="loginToActiTime" time="3.212"/>
  <system-out/>
</testsuite> <!-- testngpack.ActiTimeLogin -->
