<?xml version="1.0" encoding="UTF-8"?>
<!-- Generated by org.testng.reporters.JUnitReportReporter -->
<testsuite hostname="DESKTOP-OEMN2F6" failures="0" tests="2" name="testNgFlags.Flag3Enabled" time="0.020" errors="0" timestamp="2022-11-12T22:48:38 IST" skipped="1">
  <testcase classname="testNgFlags.Flag3Enabled" name="login" time="0.020"/>
  <system-out>
    <![CDATA[logging User]]>
  </system-out>
  <testcase classname="testNgFlags.Flag3Enabled" name="createUser">
    <skipped/>
  </testcase> <!-- createUser -->
  <system-out/>
</testsuite> <!-- testNgFlags.Flag3Enabled -->
