<?xml version="1.0" encoding="UTF-8"?>
<!-- Generated by org.testng.reporters.JUnitReportReporter -->
<testsuite hostname="DESKTOP-OEMN2F6" failures="0" tests="2" name="testngParallelExecution.ActiTimeLogin" time="11.502" errors="0" timestamp="2022-11-16T20:20:52 IST" skipped="0">
  <testcase classname="testngParallelExecution.ActiTimeLogin" name="loginToActiTime" time="8.037"/>
  <system-out/>
  <testcase classname="testngParallelExecution.ActiTimeLogin" name="loginToActiTime" time="3.465"/>
  <system-out/>
</testsuite> <!-- testngParallelExecution.ActiTimeLogin -->
