<?xml version="1.0" encoding="UTF-8"?>
<!-- Generated by org.testng.reporters.JUnitReportReporter -->
<testsuite hostname="DESKTOP-OEMN2F6" failures="0" tests="1" name="testNGpack.CheckReports" time="0.014" errors="0" timestamp="2022-11-12T22:05:35 IST" skipped="0">
  <testcase classname="testNGpack.CheckReports" name="checkreport" time="0.014"/>
  <system-out>
    <![CDATA[Rushi]]>
  </system-out>
</testsuite> <!-- testNGpack.CheckReports -->
