<?xml version="1.0" encoding="UTF-8"?>
<!-- Generated by org.testng.reporters.JUnitReportReporter -->
<testsuite hostname="DESKTOP-OEMN2F6" failures="0" tests="1" name="testNGpack.SecondClass" time="0.014" errors="0" timestamp="2022-11-12T22:21:08 IST" skipped="0">
  <testcase classname="testNGpack.SecondClass" name="remo" time="0.014"/>
  <system-out/>
</testsuite> <!-- testNGpack.SecondClass -->
