<?xml version="1.0" encoding="UTF-8"?>
<!-- Generated by org.testng.reporters.JUnitReportReporter -->
<testsuite hostname="DESKTOP-OEMN2F6" failures="0" tests="12" name="testNgFlags.Flag7groups" time="0.054" errors="0" timestamp="2022-11-15T13:05:05 IST" skipped="0">
  <testcase classname="testNgFlags.Flag7groups" name="ft6" time="0.002"/>
  <system-out>
    <![CDATA[functional test case 6 executed]]>
  </system-out>
  <testcase classname="testNgFlags.Flag7groups" name="ft3" time="0.002"/>
  <system-out>
    <![CDATA[functional test case 3 executed]]>
  </system-out>
  <testcase classname="testNgFlags.Flag7groups" name="ft5" time="0.002"/>
  <system-out>
    <![CDATA[functional test case 5 executed]]>
  </system-out>
  <testcase classname="testNgFlags.Flag7groups" name="ft4" time="0.004"/>
  <system-out>
    <![CDATA[functional test case 4 executed]]>
  </system-out>
  <testcase classname="testNgFlags.Flag7groups" name="st4" time="0.005"/>
  <system-out>
    <![CDATA[Smoke test case 4 executed]]>
  </system-out>
  <testcase classname="testNgFlags.Flag7groups" name="st2" time="0.003"/>
  <system-out>
    <![CDATA[Smoke test case 2 executed]]>
  </system-out>
  <testcase classname="testNgFlags.Flag7groups" name="st3" time="0.004"/>
  <system-out>
    <![CDATA[Smoke test case 3 executed]]>
  </system-out>
  <testcase classname="testNgFlags.Flag7groups" name="st5" time="0.002"/>
  <system-out>
    <![CDATA[Smoke test case 5 executed]]>
  </system-out>
  <testcase classname="testNgFlags.Flag7groups" name="ft1" time="0.022"/>
  <system-out>
    <![CDATA[functional test case 1 executed]]>
  </system-out>
  <testcase classname="testNgFlags.Flag7groups" name="st1" time="0.003"/>
  <system-out>
    <![CDATA[Smoke test case 1 executed]]>
  </system-out>
  <testcase classname="testNgFlags.Flag7groups" name="ft2" time="0.003"/>
  <system-out>
    <![CDATA[functional test case 2 executed]]>
  </system-out>
  <testcase classname="testNgFlags.Flag7groups" name="st6" time="0.002"/>
  <system-out>
    <![CDATA[Smoke test case 6 executed]]>
  </system-out>
</testsuite> <!-- testNgFlags.Flag7groups -->
