<?xml version="1.0" encoding="UTF-8"?>
<!-- Generated by org.testng.reporters.JUnitReportReporter -->
<testsuite hostname="DESKTOP-OEMN2F6" failures="0" tests="3" name="testNgFlags.Flag5DependsonMethod" time="0.020" errors="0" timestamp="2022-11-12T22:54:19 IST" skipped="0">
  <testcase classname="testNgFlags.Flag5DependsonMethod" name="createuser" time="0.004"/>
  <system-out>
    <![CDATA[Creating user...]]>
  </system-out>
  <testcase classname="testNgFlags.Flag5DependsonMethod" name="Login" time="0.013"/>
  <system-out>
    <![CDATA[Logging in...]]>
  </system-out>
  <testcase classname="testNgFlags.Flag5DependsonMethod" name="LogOut" time="0.003"/>
  <system-out>
    <![CDATA[Logging Out...]]>
  </system-out>
</testsuite> <!-- testNgFlags.Flag5DependsonMethod -->
