<?xml version="1.0" encoding="UTF-8"?>
<!-- Generated by org.testng.reporters.JUnitReportReporter -->
<testsuite hostname="DESKTOP-OEMN2F6" failures="0" tests="9" name="testNgFlags.Flag2Priority" time="0.030" errors="0" timestamp="2022-11-12T22:44:34 IST" skipped="0">
  <testcase classname="testNgFlags.Flag2Priority" name="g" time="0.006"/>
  <system-out>
    <![CDATA[g method]]>
  </system-out>
  <testcase classname="testNgFlags.Flag2Priority" name="b" time="0.003"/>
  <system-out>
    <![CDATA[b method]]>
  </system-out>
  <testcase classname="testNgFlags.Flag2Priority" name="a" time="0.010"/>
  <system-out>
    <![CDATA[a method]]>
  </system-out>
  <testcase classname="testNgFlags.Flag2Priority" name="j" time="0.002"/>
  <system-out>
    <![CDATA[j method]]>
  </system-out>
  <testcase classname="testNgFlags.Flag2Priority" name="s" time="0.002"/>
  <system-out>
    <![CDATA[s method]]>
  </system-out>
  <testcase classname="testNgFlags.Flag2Priority" name="k" time="0.002"/>
  <system-out>
    <![CDATA[k method]]>
  </system-out>
  <testcase classname="testNgFlags.Flag2Priority" name="x" time="0.002"/>
  <system-out>
    <![CDATA[x method]]>
  </system-out>
  <testcase classname="testNgFlags.Flag2Priority" name="w" time="0.002"/>
  <system-out>
    <![CDATA[w method]]>
  </system-out>
  <testcase classname="testNgFlags.Flag2Priority" name="z" time="0.001"/>
  <system-out>
    <![CDATA[z method]]>
  </system-out>
</testsuite> <!-- testNgFlags.Flag2Priority -->
