<?xml version="1.0" encoding="UTF-8"?>
<!-- Generated by org.testng.reporters.JUnitReportReporter -->
<testsuite hostname="DESKTOP-OEMN2F6" failures="0" tests="3" name="testNgFlags.FlagPriorityDemo" time="0.022" errors="0" timestamp="2022-11-12T22:39:58 IST" skipped="0">
  <testcase classname="testNgFlags.FlagPriorityDemo" name="Login" time="0.015"/>
  <system-out>
    <![CDATA[Logging in...]]>
  </system-out>
  <testcase classname="testNgFlags.FlagPriorityDemo" name="createuser" time="0.002"/>
  <system-out>
    <![CDATA[Creating user...]]>
  </system-out>
  <testcase classname="testNgFlags.FlagPriorityDemo" name="LogOut" time="0.005"/>
  <system-out>
    <![CDATA[Logging Out...]]>
  </system-out>
</testsuite> <!-- testNgFlags.FlagPriorityDemo -->
