<?xml version="1.0" encoding="UTF-8"?>
<!-- Generated by org.testng.reporters.JUnitReportReporter -->
<testsuite hostname="DESKTOP-OEMN2F6" failures="0" tests="5" name="testNgFlags.Flag4InvocationCount" time="0.021" errors="0" timestamp="2022-11-12T22:51:31 IST" skipped="0">
  <testcase classname="testNgFlags.Flag4InvocationCount" name="verifyLoginButtonEnableDisableStatus" time="0.002"/>
  <system-out>
    <![CDATA[Disabled !!]]>
  </system-out>
  <testcase classname="testNgFlags.Flag4InvocationCount" name="verifyLoginButtonEnableDisableStatus" time="0.001"/>
  <system-out>
    <![CDATA[Disabled !!]]>
  </system-out>
  <testcase classname="testNgFlags.Flag4InvocationCount" name="verifyLoginButtonEnableDisableStatus" time="0.002"/>
  <system-out>
    <![CDATA[Disabled !!]]>
  </system-out>
  <testcase classname="testNgFlags.Flag4InvocationCount" name="verifyLoginButtonEnableDisableStatus" time="0.014"/>
  <system-out>
    <![CDATA[Disabled !!]]>
  </system-out>
  <testcase classname="testNgFlags.Flag4InvocationCount" name="verifyLoginButtonEnableDisableStatus" time="0.002"/>
  <system-out>
    <![CDATA[Disabled !!]]>
  </system-out>
</testsuite> <!-- testNgFlags.Flag4InvocationCount -->
