<?xml version="1.0" encoding="UTF-8"?>
<!-- Generated by org.testng.reporters.JUnitReportReporter -->
<testsuite hostname="DESKTOP-OEMN2F6" failures="0" tests="5" name="testngAnnotations.ActitimeInvalidLogin" time="13.043" errors="0" timestamp="2022-11-28T14:07:47 IST" skipped="0">
  <testcase classname="testngAnnotations.ActitimeInvalidLogin" name="testInvalidLogin" time="4.389"/>
  <system-out/>
  <testcase classname="testngAnnotations.ActitimeInvalidLogin" name="testInvalidLogin" time="2.060"/>
  <system-out/>
  <testcase classname="testngAnnotations.ActitimeInvalidLogin" name="testInvalidLogin" time="2.189"/>
  <system-out/>
  <testcase classname="testngAnnotations.ActitimeInvalidLogin" name="testInvalidLogin" time="2.255"/>
  <system-out/>
  <testcase classname="testngAnnotations.ActitimeInvalidLogin" name="testInvalidLogin" time="2.150"/>
  <system-out/>
</testsuite> <!-- testngAnnotations.ActitimeInvalidLogin -->
