<?xml version="1.0" encoding="UTF-8"?>
<!-- Generated by org.testng.reporters.JUnitReportReporter -->
<testsuite hostname="DESKTOP-OEMN2F6" failures="0" tests="2" name="testngpack.ChooseBrowser" time="14.219" errors="0" timestamp="2022-11-16T20:25:47 IST" skipped="0">
  <testcase classname="testngpack.ChooseBrowser" name="openBrowser" time="5.336"/>
  <system-out/>
  <testcase classname="testngpack.ChooseBrowser" name="openBrowser" time="8.883"/>
  <system-out/>
</testsuite> <!-- testngpack.ChooseBrowser -->
